2019-05-29 17:43:20 - ----------------------------------------------------------------
NOT FOUND!
CODE: <?php echo $tax; ?>
FILE: catalog/view/theme/materlux/template/product/product.tpl
MOD: Live Price Update
----------------------------------------------------------------
NOT FOUND!
CODE: $this->model_catalog_product->getProducts($filter_data)
FILE: catalog/controller/product/compare.php
MOD: Умный фильтр
----------------------------------------------------------------
NOT FOUND!
CODE: = $this->model_catalog_product->getTotalProducts($filter_data)
FILE: catalog/controller/product/compare.php
MOD: Умный фильтр
----------------------------------------------------------------
NOT FOUND!
CODE: $this->model_catalog_product->getProducts($filter_data)
FILE: catalog/controller/product/isearch.php
MOD: Умный фильтр
----------------------------------------------------------------
NOT FOUND!
CODE: = $this->model_catalog_product->getTotalProducts($filter_data)
FILE: catalog/controller/product/isearch.php
MOD: Умный фильтр
----------------------------------------------------------------
NOT FOUND!
CODE: $this->model_catalog_product->getProducts($filter_data)
FILE: catalog/controller/product/product.php
MOD: Умный фильтр
----------------------------------------------------------------
NOT FOUND!
CODE: = $this->model_catalog_product->getTotalProducts($filter_data)
FILE: catalog/controller/product/product.php
MOD: Умный фильтр
----------------------------------------------------------------
NOT FOUND!
CODE: $this->model_catalog_product->getProducts($filter_data)
FILE: catalog/controller/product/special.php
MOD: Умный фильтр
----------------------------------------------------------------
NOT FOUND!
CODE: = $this->model_catalog_product->getTotalProducts($filter_data)
FILE: catalog/controller/product/special.php
MOD: Умный фильтр
2019-05-29 17:53:21 - ----------------------------------------------------------------
NOT FOUND!
CODE: <?php echo $tax; ?>
FILE: catalog/view/theme/materlux/template/product/product.tpl
MOD: Live Price Update
----------------------------------------------------------------
NOT FOUND!
CODE: $this->model_catalog_product->getProducts($filter_data)
FILE: catalog/controller/product/compare.php
MOD: Умный фильтр
----------------------------------------------------------------
NOT FOUND!
CODE: = $this->model_catalog_product->getTotalProducts($filter_data)
FILE: catalog/controller/product/compare.php
MOD: Умный фильтр
----------------------------------------------------------------
NOT FOUND!
CODE: $this->model_catalog_product->getProducts($filter_data)
FILE: catalog/controller/product/isearch.php
MOD: Умный фильтр
----------------------------------------------------------------
NOT FOUND!
CODE: = $this->model_catalog_product->getTotalProducts($filter_data)
FILE: catalog/controller/product/isearch.php
MOD: Умный фильтр
----------------------------------------------------------------
NOT FOUND!
CODE: $this->model_catalog_product->getProducts($filter_data)
FILE: catalog/controller/product/product.php
MOD: Умный фильтр
----------------------------------------------------------------
NOT FOUND!
CODE: = $this->model_catalog_product->getTotalProducts($filter_data)
FILE: catalog/controller/product/product.php
MOD: Умный фильтр
----------------------------------------------------------------
NOT FOUND!
CODE: $this->model_catalog_product->getProducts($filter_data)
FILE: catalog/controller/product/special.php
MOD: Умный фильтр
----------------------------------------------------------------
NOT FOUND!
CODE: = $this->model_catalog_product->getTotalProducts($filter_data)
FILE: catalog/controller/product/special.php
MOD: Умный фильтр
2019-05-29 18:12:43 - ----------------------------------------------------------------
NOT FOUND!
CODE: ~(require|include)(_once)?\(([^)]+)~
FILE: system/library/template/twig.php
MOD: Modification Default
----------------------------------------------------------------
NOT FOUND!
CODE: ~(require|include)(_once)?\(([^)]+)~
FILE: system/library/d_event_manager/event.php
MOD: d_event_manager_startup
----------------------------------------------------------------
NOT FOUND!
CODE: ~(require|include)(_once)?\(([^)]+)~
FILE: system/library/d_event_manager/proxy.php
MOD: d_event_manager_startup
----------------------------------------------------------------
NOT FOUND!
CODE: <?php echo $tax; ?>
FILE: catalog/view/theme/materlux/template/product/product.tpl
MOD: Live Price Update
----------------------------------------------------------------
NOT FOUND!
CODE: $this->model_catalog_product->getProducts($filter_data)
FILE: catalog/controller/product/compare.php
MOD: Умный фильтр
----------------------------------------------------------------
NOT FOUND!
CODE: = $this->model_catalog_product->getTotalProducts($filter_data)
FILE: catalog/controller/product/compare.php
MOD: Умный фильтр
----------------------------------------------------------------
NOT FOUND!
CODE: $this->model_catalog_product->getProducts($filter_data)
FILE: catalog/controller/product/isearch.php
MOD: Умный фильтр
----------------------------------------------------------------
NOT FOUND!
CODE: = $this->model_catalog_product->getTotalProducts($filter_data)
FILE: catalog/controller/product/isearch.php
MOD: Умный фильтр
----------------------------------------------------------------
NOT FOUND!
CODE: $this->model_catalog_product->getProducts($filter_data)
FILE: catalog/controller/product/product.php
MOD: Умный фильтр
----------------------------------------------------------------
NOT FOUND!
CODE: = $this->model_catalog_product->getTotalProducts($filter_data)
FILE: catalog/controller/product/product.php
MOD: Умный фильтр
----------------------------------------------------------------
NOT FOUND!
CODE: $this->model_catalog_product->getProducts($filter_data)
FILE: catalog/controller/product/special.php
MOD: Умный фильтр
----------------------------------------------------------------
NOT FOUND!
CODE: = $this->model_catalog_product->getTotalProducts($filter_data)
FILE: catalog/controller/product/special.php
MOD: Умный фильтр
2019-05-29 18:36:07 - ----------------------------------------------------------------
NOT FOUND!
CODE: ~(require|include)(_once)?\(([^)]+)~
FILE: system/library/template/twig.php
MOD: Modification Default
----------------------------------------------------------------
NOT FOUND!
CODE: ~(require|include)(_once)?\(([^)]+)~
FILE: system/library/d_event_manager/event.php
MOD: d_event_manager_startup
----------------------------------------------------------------
NOT FOUND!
CODE: ~(require|include)(_once)?\(([^)]+)~
FILE: system/library/d_event_manager/proxy.php
MOD: d_event_manager_startup
----------------------------------------------------------------
NOT FOUND!
CODE: <?php echo $tax; ?>
FILE: catalog/view/theme/materlux/template/product/product.tpl
MOD: Live Price Update
----------------------------------------------------------------
NOT FOUND!
CODE: $this->model_catalog_product->getProducts($filter_data)
FILE: catalog/controller/product/compare.php
MOD: Умный фильтр
----------------------------------------------------------------
NOT FOUND!
CODE: = $this->model_catalog_product->getTotalProducts($filter_data)
FILE: catalog/controller/product/compare.php
MOD: Умный фильтр
----------------------------------------------------------------
NOT FOUND!
CODE: $this->model_catalog_product->getProducts($filter_data)
FILE: catalog/controller/product/isearch.php
MOD: Умный фильтр
----------------------------------------------------------------
NOT FOUND!
CODE: = $this->model_catalog_product->getTotalProducts($filter_data)
FILE: catalog/controller/product/isearch.php
MOD: Умный фильтр
----------------------------------------------------------------
NOT FOUND!
CODE: $this->model_catalog_product->getProducts($filter_data)
FILE: catalog/controller/product/product.php
MOD: Умный фильтр
----------------------------------------------------------------
NOT FOUND!
CODE: = $this->model_catalog_product->getTotalProducts($filter_data)
FILE: catalog/controller/product/product.php
MOD: Умный фильтр
----------------------------------------------------------------
NOT FOUND!
CODE: $this->model_catalog_product->getProducts($filter_data)
FILE: catalog/controller/product/special.php
MOD: Умный фильтр
----------------------------------------------------------------
NOT FOUND!
CODE: = $this->model_catalog_product->getTotalProducts($filter_data)
FILE: catalog/controller/product/special.php
MOD: Умный фильтр
2019-05-29 18:36:24 - ----------------------------------------------------------------
NOT FOUND!
CODE: ~(require|include)(_once)?\(([^)]+)~
FILE: system/library/template/twig.php
MOD: Modification Default
----------------------------------------------------------------
NOT FOUND!
CODE: ~(require|include)(_once)?\(([^)]+)~
FILE: system/library/d_event_manager/event.php
MOD: d_event_manager_startup
----------------------------------------------------------------
NOT FOUND!
CODE: ~(require|include)(_once)?\(([^)]+)~
FILE: system/library/d_event_manager/proxy.php
MOD: d_event_manager_startup
----------------------------------------------------------------
NOT FOUND!
CODE: <?php echo $tax; ?>
FILE: catalog/view/theme/materlux/template/product/product.tpl
MOD: Live Price Update
----------------------------------------------------------------
NOT FOUND!
CODE: $this->model_catalog_product->getProducts($filter_data)
FILE: catalog/controller/product/compare.php
MOD: Умный фильтр
----------------------------------------------------------------
NOT FOUND!
CODE: = $this->model_catalog_product->getTotalProducts($filter_data)
FILE: catalog/controller/product/compare.php
MOD: Умный фильтр
----------------------------------------------------------------
NOT FOUND!
CODE: $this->model_catalog_product->getProducts($filter_data)
FILE: catalog/controller/product/isearch.php
MOD: Умный фильтр
----------------------------------------------------------------
NOT FOUND!
CODE: = $this->model_catalog_product->getTotalProducts($filter_data)
FILE: catalog/controller/product/isearch.php
MOD: Умный фильтр
----------------------------------------------------------------
NOT FOUND!
CODE: $this->model_catalog_product->getProducts($filter_data)
FILE: catalog/controller/product/product.php
MOD: Умный фильтр
----------------------------------------------------------------
NOT FOUND!
CODE: = $this->model_catalog_product->getTotalProducts($filter_data)
FILE: catalog/controller/product/product.php
MOD: Умный фильтр
----------------------------------------------------------------
NOT FOUND!
CODE: $this->model_catalog_product->getProducts($filter_data)
FILE: catalog/controller/product/special.php
MOD: Умный фильтр
----------------------------------------------------------------
NOT FOUND!
CODE: = $this->model_catalog_product->getTotalProducts($filter_data)
FILE: catalog/controller/product/special.php
MOD: Умный фильтр
2019-05-29 18:36:38 - ----------------------------------------------------------------
NOT FOUND!
CODE: ~(require|include)(_once)?\(([^)]+)~
FILE: system/library/template/twig.php
MOD: Modification Default
----------------------------------------------------------------
NOT FOUND!
CODE: ~(require|include)(_once)?\(([^)]+)~
FILE: system/library/d_event_manager/event.php
MOD: d_event_manager_startup
----------------------------------------------------------------
NOT FOUND!
CODE: ~(require|include)(_once)?\(([^)]+)~
FILE: system/library/d_event_manager/proxy.php
MOD: d_event_manager_startup
----------------------------------------------------------------
NOT FOUND!
CODE: <?php echo $tax; ?>
FILE: catalog/view/theme/materlux/template/product/product.tpl
MOD: Live Price Update
----------------------------------------------------------------
NOT FOUND!
CODE: $this->model_catalog_product->getProducts($filter_data)
FILE: catalog/controller/product/compare.php
MOD: Умный фильтр
----------------------------------------------------------------
NOT FOUND!
CODE: = $this->model_catalog_product->getTotalProducts($filter_data)
FILE: catalog/controller/product/compare.php
MOD: Умный фильтр
----------------------------------------------------------------
NOT FOUND!
CODE: $this->model_catalog_product->getProducts($filter_data)
FILE: catalog/controller/product/isearch.php
MOD: Умный фильтр
----------------------------------------------------------------
NOT FOUND!
CODE: = $this->model_catalog_product->getTotalProducts($filter_data)
FILE: catalog/controller/product/isearch.php
MOD: Умный фильтр
----------------------------------------------------------------
NOT FOUND!
CODE: $this->model_catalog_product->getProducts($filter_data)
FILE: catalog/controller/product/product.php
MOD: Умный фильтр
----------------------------------------------------------------
NOT FOUND!
CODE: = $this->model_catalog_product->getTotalProducts($filter_data)
FILE: catalog/controller/product/product.php
MOD: Умный фильтр
----------------------------------------------------------------
NOT FOUND!
CODE: $this->model_catalog_product->getProducts($filter_data)
FILE: catalog/controller/product/special.php
MOD: Умный фильтр
----------------------------------------------------------------
NOT FOUND!
CODE: = $this->model_catalog_product->getTotalProducts($filter_data)
FILE: catalog/controller/product/special.php
MOD: Умный фильтр
2019-05-29 22:54:23 - ----------------------------------------------------------------
NOT FOUND!
CODE: ~(require|include)(_once)?\(([^)]+)~
FILE: system/library/template/twig.php
MOD: Modification Default
----------------------------------------------------------------
NOT FOUND!
CODE: ~(require|include)(_once)?\(([^)]+)~
FILE: system/library/d_event_manager/event.php
MOD: d_event_manager_startup
----------------------------------------------------------------
NOT FOUND!
CODE: ~(require|include)(_once)?\(([^)]+)~
FILE: system/library/d_event_manager/proxy.php
MOD: d_event_manager_startup
----------------------------------------------------------------
NOT FOUND!
CODE: <?php echo $tax; ?>
FILE: catalog/view/theme/materlux/template/product/product.tpl
MOD: Live Price Update
----------------------------------------------------------------
NOT FOUND!
CODE: $this->model_catalog_product->getProducts($filter_data)
FILE: catalog/controller/product/compare.php
MOD: Умный фильтр
----------------------------------------------------------------
NOT FOUND!
CODE: = $this->model_catalog_product->getTotalProducts($filter_data)
FILE: catalog/controller/product/compare.php
MOD: Умный фильтр
----------------------------------------------------------------
NOT FOUND!
CODE: $this->model_catalog_product->getProducts($filter_data)
FILE: catalog/controller/product/isearch.php
MOD: Умный фильтр
----------------------------------------------------------------
NOT FOUND!
CODE: = $this->model_catalog_product->getTotalProducts($filter_data)
FILE: catalog/controller/product/isearch.php
MOD: Умный фильтр
----------------------------------------------------------------
NOT FOUND!
CODE: $this->model_catalog_product->getProducts($filter_data)
FILE: catalog/controller/product/product.php
MOD: Умный фильтр
----------------------------------------------------------------
NOT FOUND!
CODE: = $this->model_catalog_product->getTotalProducts($filter_data)
FILE: catalog/controller/product/product.php
MOD: Умный фильтр
----------------------------------------------------------------
NOT FOUND!
CODE: $this->model_catalog_product->getProducts($filter_data)
FILE: catalog/controller/product/special.php
MOD: Умный фильтр
----------------------------------------------------------------
NOT FOUND!
CODE: = $this->model_catalog_product->getTotalProducts($filter_data)
FILE: catalog/controller/product/special.php
MOD: Умный фильтр
2019-05-29 23:24:27 - ----------------------------------------------------------------
NOT FOUND!
CODE: ~(require|include)(_once)?\(([^)]+)~
FILE: system/library/template/twig.php
MOD: Modification Default
----------------------------------------------------------------
NOT FOUND!
CODE: ~(require|include)(_once)?\(([^)]+)~
FILE: system/library/d_event_manager/event.php
MOD: d_event_manager_startup
----------------------------------------------------------------
NOT FOUND!
CODE: ~(require|include)(_once)?\(([^)]+)~
FILE: system/library/d_event_manager/proxy.php
MOD: d_event_manager_startup
----------------------------------------------------------------
NOT FOUND!
CODE: <?php echo $tax; ?>
FILE: catalog/view/theme/materlux/template/product/product.tpl
MOD: Live Price Update
----------------------------------------------------------------
NOT FOUND!
CODE: $this->model_catalog_product->getProducts($filter_data)
FILE: catalog/controller/product/compare.php
MOD: Умный фильтр
----------------------------------------------------------------
NOT FOUND!
CODE: = $this->model_catalog_product->getTotalProducts($filter_data)
FILE: catalog/controller/product/compare.php
MOD: Умный фильтр
----------------------------------------------------------------
NOT FOUND!
CODE: $this->model_catalog_product->getProducts($filter_data)
FILE: catalog/controller/product/isearch.php
MOD: Умный фильтр
----------------------------------------------------------------
NOT FOUND!
CODE: = $this->model_catalog_product->getTotalProducts($filter_data)
FILE: catalog/controller/product/isearch.php
MOD: Умный фильтр
----------------------------------------------------------------
NOT FOUND!
CODE: $this->model_catalog_product->getProducts($filter_data)
FILE: catalog/controller/product/product.php
MOD: Умный фильтр
----------------------------------------------------------------
NOT FOUND!
CODE: = $this->model_catalog_product->getTotalProducts($filter_data)
FILE: catalog/controller/product/product.php
MOD: Умный фильтр
----------------------------------------------------------------
NOT FOUND!
CODE: $this->model_catalog_product->getProducts($filter_data)
FILE: catalog/controller/product/special.php
MOD: Умный фильтр
----------------------------------------------------------------
NOT FOUND!
CODE: = $this->model_catalog_product->getTotalProducts($filter_data)
FILE: catalog/controller/product/special.php
MOD: Умный фильтр
2019-05-29 23:35:11 - ----------------------------------------------------------------
NOT FOUND!
CODE: ~(require|include)(_once)?\(([^)]+)~
FILE: system/library/template/twig.php
MOD: Modification Default
----------------------------------------------------------------
NOT FOUND!
CODE: ~(require|include)(_once)?\(([^)]+)~
FILE: system/library/d_event_manager/event.php
MOD: d_event_manager_startup
----------------------------------------------------------------
NOT FOUND!
CODE: ~(require|include)(_once)?\(([^)]+)~
FILE: system/library/d_event_manager/proxy.php
MOD: d_event_manager_startup
----------------------------------------------------------------
NOT FOUND!
CODE: <?php echo $tax; ?>
FILE: catalog/view/theme/materlux/template/product/product.tpl
MOD: Live Price Update
----------------------------------------------------------------
NOT FOUND!
CODE: $this->model_catalog_product->getProducts($filter_data)
FILE: catalog/controller/product/compare.php
MOD: Умный фильтр
----------------------------------------------------------------
NOT FOUND!
CODE: = $this->model_catalog_product->getTotalProducts($filter_data)
FILE: catalog/controller/product/compare.php
MOD: Умный фильтр
----------------------------------------------------------------
NOT FOUND!
CODE: $this->model_catalog_product->getProducts($filter_data)
FILE: catalog/controller/product/isearch.php
MOD: Умный фильтр
----------------------------------------------------------------
NOT FOUND!
CODE: = $this->model_catalog_product->getTotalProducts($filter_data)
FILE: catalog/controller/product/isearch.php
MOD: Умный фильтр
----------------------------------------------------------------
NOT FOUND!
CODE: $this->model_catalog_product->getProducts($filter_data)
FILE: catalog/controller/product/product.php
MOD: Умный фильтр
----------------------------------------------------------------
NOT FOUND!
CODE: = $this->model_catalog_product->getTotalProducts($filter_data)
FILE: catalog/controller/product/product.php
MOD: Умный фильтр
----------------------------------------------------------------
NOT FOUND!
CODE: $this->model_catalog_product->getProducts($filter_data)
FILE: catalog/controller/product/special.php
MOD: Умный фильтр
----------------------------------------------------------------
NOT FOUND!
CODE: = $this->model_catalog_product->getTotalProducts($filter_data)
FILE: catalog/controller/product/special.php
MOD: Умный фильтр
2019-05-29 23:38:34 - ----------------------------------------------------------------
NOT FOUND!
CODE: ~(require|include)(_once)?\(([^)]+)~
FILE: system/library/template/twig.php
MOD: Modification Default
----------------------------------------------------------------
NOT FOUND!
CODE: ~(require|include)(_once)?\(([^)]+)~
FILE: system/library/d_event_manager/event.php
MOD: d_event_manager_startup
----------------------------------------------------------------
NOT FOUND!
CODE: ~(require|include)(_once)?\(([^)]+)~
FILE: system/library/d_event_manager/proxy.php
MOD: d_event_manager_startup
----------------------------------------------------------------
NOT FOUND!
CODE: <?php echo $tax; ?>
FILE: catalog/view/theme/materlux/template/product/product.tpl
MOD: Live Price Update
----------------------------------------------------------------
NOT FOUND!
CODE: $this->model_catalog_product->getProducts($filter_data)
FILE: catalog/controller/product/compare.php
MOD: Умный фильтр
----------------------------------------------------------------
NOT FOUND!
CODE: = $this->model_catalog_product->getTotalProducts($filter_data)
FILE: catalog/controller/product/compare.php
MOD: Умный фильтр
----------------------------------------------------------------
NOT FOUND!
CODE: $this->model_catalog_product->getProducts($filter_data)
FILE: catalog/controller/product/isearch.php
MOD: Умный фильтр
----------------------------------------------------------------
NOT FOUND!
CODE: = $this->model_catalog_product->getTotalProducts($filter_data)
FILE: catalog/controller/product/isearch.php
MOD: Умный фильтр
----------------------------------------------------------------
NOT FOUND!
CODE: $this->model_catalog_product->getProducts($filter_data)
FILE: catalog/controller/product/product.php
MOD: Умный фильтр
----------------------------------------------------------------
NOT FOUND!
CODE: = $this->model_catalog_product->getTotalProducts($filter_data)
FILE: catalog/controller/product/product.php
MOD: Умный фильтр
----------------------------------------------------------------
NOT FOUND!
CODE: $this->model_catalog_product->getProducts($filter_data)
FILE: catalog/controller/product/special.php
MOD: Умный фильтр
----------------------------------------------------------------
NOT FOUND!
CODE: = $this->model_catalog_product->getTotalProducts($filter_data)
FILE: catalog/controller/product/special.php
MOD: Умный фильтр
2019-05-29 23:39:53 - ----------------------------------------------------------------
NOT FOUND!
CODE: ~(require|include)(_once)?\(([^)]+)~
FILE: system/library/template/twig.php
MOD: Modification Default
----------------------------------------------------------------
NOT FOUND!
CODE: ~(require|include)(_once)?\(([^)]+)~
FILE: system/library/d_event_manager/event.php
MOD: d_event_manager_startup
----------------------------------------------------------------
NOT FOUND!
CODE: ~(require|include)(_once)?\(([^)]+)~
FILE: system/library/d_event_manager/proxy.php
MOD: d_event_manager_startup
----------------------------------------------------------------
NOT FOUND!
CODE: <?php echo $tax; ?>
FILE: catalog/view/theme/materlux/template/product/product.tpl
MOD: Live Price Update
----------------------------------------------------------------
NOT FOUND!
CODE: $this->model_catalog_product->getProducts($filter_data)
FILE: catalog/controller/product/compare.php
MOD: Умный фильтр
----------------------------------------------------------------
NOT FOUND!
CODE: = $this->model_catalog_product->getTotalProducts($filter_data)
FILE: catalog/controller/product/compare.php
MOD: Умный фильтр
----------------------------------------------------------------
NOT FOUND!
CODE: $this->model_catalog_product->getProducts($filter_data)
FILE: catalog/controller/product/isearch.php
MOD: Умный фильтр
----------------------------------------------------------------
NOT FOUND!
CODE: = $this->model_catalog_product->getTotalProducts($filter_data)
FILE: catalog/controller/product/isearch.php
MOD: Умный фильтр
----------------------------------------------------------------
NOT FOUND!
CODE: $this->model_catalog_product->getProducts($filter_data)
FILE: catalog/controller/product/product.php
MOD: Умный фильтр
----------------------------------------------------------------
NOT FOUND!
CODE: = $this->model_catalog_product->getTotalProducts($filter_data)
FILE: catalog/controller/product/product.php
MOD: Умный фильтр
----------------------------------------------------------------
NOT FOUND!
CODE: $this->model_catalog_product->getProducts($filter_data)
FILE: catalog/controller/product/special.php
MOD: Умный фильтр
----------------------------------------------------------------
NOT FOUND!
CODE: = $this->model_catalog_product->getTotalProducts($filter_data)
FILE: catalog/controller/product/special.php
MOD: Умный фильтр
2019-05-29 23:43:10 - ----------------------------------------------------------------
NOT FOUND!
CODE: ~(require|include)(_once)?\(([^)]+)~
FILE: system/library/template/twig.php
MOD: Modification Default
----------------------------------------------------------------
NOT FOUND!
CODE: ~(require|include)(_once)?\(([^)]+)~
FILE: system/library/d_event_manager/event.php
MOD: d_event_manager_startup
----------------------------------------------------------------
NOT FOUND!
CODE: ~(require|include)(_once)?\(([^)]+)~
FILE: system/library/d_event_manager/proxy.php
MOD: d_event_manager_startup
----------------------------------------------------------------
NOT FOUND!
CODE: <?php echo $tax; ?>
FILE: catalog/view/theme/materlux/template/product/product.tpl
MOD: Live Price Update
----------------------------------------------------------------
NOT FOUND!
CODE: $this->model_catalog_product->getProducts($filter_data)
FILE: catalog/controller/product/compare.php
MOD: Умный фильтр
----------------------------------------------------------------
NOT FOUND!
CODE: = $this->model_catalog_product->getTotalProducts($filter_data)
FILE: catalog/controller/product/compare.php
MOD: Умный фильтр
----------------------------------------------------------------
NOT FOUND!
CODE: $this->model_catalog_product->getProducts($filter_data)
FILE: catalog/controller/product/isearch.php
MOD: Умный фильтр
----------------------------------------------------------------
NOT FOUND!
CODE: = $this->model_catalog_product->getTotalProducts($filter_data)
FILE: catalog/controller/product/isearch.php
MOD: Умный фильтр
----------------------------------------------------------------
NOT FOUND!
CODE: $this->model_catalog_product->getProducts($filter_data)
FILE: catalog/controller/product/product.php
MOD: Умный фильтр
----------------------------------------------------------------
NOT FOUND!
CODE: = $this->model_catalog_product->getTotalProducts($filter_data)
FILE: catalog/controller/product/product.php
MOD: Умный фильтр
----------------------------------------------------------------
NOT FOUND!
CODE: $this->model_catalog_product->getProducts($filter_data)
FILE: catalog/controller/product/special.php
MOD: Умный фильтр
----------------------------------------------------------------
NOT FOUND!
CODE: = $this->model_catalog_product->getTotalProducts($filter_data)
FILE: catalog/controller/product/special.php
MOD: Умный фильтр
2019-05-29 23:53:45 - ----------------------------------------------------------------
NOT FOUND!
CODE: ~(require|include)(_once)?\(([^)]+)~
FILE: system/library/template/twig.php
MOD: Modification Default
----------------------------------------------------------------
NOT FOUND!
CODE: ~(require|include)(_once)?\(([^)]+)~
FILE: system/library/d_event_manager/event.php
MOD: d_event_manager_startup
----------------------------------------------------------------
NOT FOUND!
CODE: ~(require|include)(_once)?\(([^)]+)~
FILE: system/library/d_event_manager/proxy.php
MOD: d_event_manager_startup
----------------------------------------------------------------
NOT FOUND!
CODE: <?php echo $tax; ?>
FILE: catalog/view/theme/materlux/template/product/product.tpl
MOD: Live Price Update
----------------------------------------------------------------
NOT FOUND!
CODE: $this->model_catalog_product->getProducts($filter_data)
FILE: catalog/controller/product/compare.php
MOD: Умный фильтр
----------------------------------------------------------------
NOT FOUND!
CODE: = $this->model_catalog_product->getTotalProducts($filter_data)
FILE: catalog/controller/product/compare.php
MOD: Умный фильтр
----------------------------------------------------------------
NOT FOUND!
CODE: $this->model_catalog_product->getProducts($filter_data)
FILE: catalog/controller/product/isearch.php
MOD: Умный фильтр
----------------------------------------------------------------
NOT FOUND!
CODE: = $this->model_catalog_product->getTotalProducts($filter_data)
FILE: catalog/controller/product/isearch.php
MOD: Умный фильтр
----------------------------------------------------------------
NOT FOUND!
CODE: $this->model_catalog_product->getProducts($filter_data)
FILE: catalog/controller/product/product.php
MOD: Умный фильтр
----------------------------------------------------------------
NOT FOUND!
CODE: = $this->model_catalog_product->getTotalProducts($filter_data)
FILE: catalog/controller/product/product.php
MOD: Умный фильтр
----------------------------------------------------------------
NOT FOUND!
CODE: $this->model_catalog_product->getProducts($filter_data)
FILE: catalog/controller/product/special.php
MOD: Умный фильтр
----------------------------------------------------------------
NOT FOUND!
CODE: = $this->model_catalog_product->getTotalProducts($filter_data)
FILE: catalog/controller/product/special.php
MOD: Умный фильтр
2019-05-29 23:57:40 - ----------------------------------------------------------------
NOT FOUND!
CODE: ~(require|include)(_once)?\(([^)]+)~
FILE: system/library/template/twig.php
MOD: Modification Default
----------------------------------------------------------------
NOT FOUND!
CODE: ~(require|include)(_once)?\(([^)]+)~
FILE: system/library/d_event_manager/event.php
MOD: d_event_manager_startup
----------------------------------------------------------------
NOT FOUND!
CODE: ~(require|include)(_once)?\(([^)]+)~
FILE: system/library/d_event_manager/proxy.php
MOD: d_event_manager_startup
----------------------------------------------------------------
NOT FOUND!
CODE: <?php echo $tax; ?>
FILE: catalog/view/theme/materlux/template/product/product.tpl
MOD: Live Price Update
----------------------------------------------------------------
NOT FOUND!
CODE: $this->model_catalog_product->getProducts($filter_data)
FILE: catalog/controller/product/compare.php
MOD: Умный фильтр
----------------------------------------------------------------
NOT FOUND!
CODE: = $this->model_catalog_product->getTotalProducts($filter_data)
FILE: catalog/controller/product/compare.php
MOD: Умный фильтр
----------------------------------------------------------------
NOT FOUND!
CODE: $this->model_catalog_product->getProducts($filter_data)
FILE: catalog/controller/product/isearch.php
MOD: Умный фильтр
----------------------------------------------------------------
NOT FOUND!
CODE: = $this->model_catalog_product->getTotalProducts($filter_data)
FILE: catalog/controller/product/isearch.php
MOD: Умный фильтр
----------------------------------------------------------------
NOT FOUND!
CODE: $this->model_catalog_product->getProducts($filter_data)
FILE: catalog/controller/product/product.php
MOD: Умный фильтр
----------------------------------------------------------------
NOT FOUND!
CODE: = $this->model_catalog_product->getTotalProducts($filter_data)
FILE: catalog/controller/product/product.php
MOD: Умный фильтр
----------------------------------------------------------------
NOT FOUND!
CODE: $this->model_catalog_product->getProducts($filter_data)
FILE: catalog/controller/product/special.php
MOD: Умный фильтр
----------------------------------------------------------------
NOT FOUND!
CODE: = $this->model_catalog_product->getTotalProducts($filter_data)
FILE: catalog/controller/product/special.php
MOD: Умный фильтр
2019-05-29 23:58:42 - ----------------------------------------------------------------
NOT FOUND!
CODE: ~(require|include)(_once)?\(([^)]+)~
FILE: system/library/template/twig.php
MOD: Modification Default
----------------------------------------------------------------
NOT FOUND!
CODE: ~(require|include)(_once)?\(([^)]+)~
FILE: system/library/d_event_manager/event.php
MOD: d_event_manager_startup
----------------------------------------------------------------
NOT FOUND!
CODE: ~(require|include)(_once)?\(([^)]+)~
FILE: system/library/d_event_manager/proxy.php
MOD: d_event_manager_startup
----------------------------------------------------------------
NOT FOUND!
CODE: <?php echo $tax; ?>
FILE: catalog/view/theme/materlux/template/product/product.tpl
MOD: Live Price Update
----------------------------------------------------------------
NOT FOUND!
CODE: $this->model_catalog_product->getProducts($filter_data)
FILE: catalog/controller/product/compare.php
MOD: Умный фильтр
----------------------------------------------------------------
NOT FOUND!
CODE: = $this->model_catalog_product->getTotalProducts($filter_data)
FILE: catalog/controller/product/compare.php
MOD: Умный фильтр
----------------------------------------------------------------
NOT FOUND!
CODE: $this->model_catalog_product->getProducts($filter_data)
FILE: catalog/controller/product/isearch.php
MOD: Умный фильтр
----------------------------------------------------------------
NOT FOUND!
CODE: = $this->model_catalog_product->getTotalProducts($filter_data)
FILE: catalog/controller/product/isearch.php
MOD: Умный фильтр
----------------------------------------------------------------
NOT FOUND!
CODE: $this->model_catalog_product->getProducts($filter_data)
FILE: catalog/controller/product/product.php
MOD: Умный фильтр
----------------------------------------------------------------
NOT FOUND!
CODE: = $this->model_catalog_product->getTotalProducts($filter_data)
FILE: catalog/controller/product/product.php
MOD: Умный фильтр
----------------------------------------------------------------
NOT FOUND!
CODE: $this->model_catalog_product->getProducts($filter_data)
FILE: catalog/controller/product/special.php
MOD: Умный фильтр
----------------------------------------------------------------
NOT FOUND!
CODE: = $this->model_catalog_product->getTotalProducts($filter_data)
FILE: catalog/controller/product/special.php
MOD: Умный фильтр
